Flow report for rc4
Sun Jun 15 01:46:52 2025
Quartus Prime Version 16.1.2 Build 203 01/18/2017 SJ Lite Edition


---------------------
; Table of Contents ;
---------------------
  1. Legal Notice
  2. Flow Summary
  3. Flow Settings
  4. Flow Non-Default Global Settings
  5. Flow Elapsed Time
  6. Flow OS Summary
  7. Flow Log
  8. Flow Messages
  9. Flow Suppressed Messages



----------------
; Legal Notice ;
----------------
Copyright (C) 2017  Intel Corporation. All rights reserved.
Your use of Intel Corporation's design tools, logic functions 
and other software and tools, and its AMPP partner logic 
functions, and any output files from any of the foregoing 
(including device programming or simulation files), and any 
associated documentation or information are expressly subject 
to the terms and conditions of the Intel Program License 
Subscription Agreement, the Intel Quartus Prime License Agreement,
the Intel MegaCore Function License Agreement, or other 
applicable license agreement, including, without limitation, 
that your use is for the sole purpose of programming logic 
devices manufactured by Intel and sold by Intel or its 
authorized distributors.  Please refer to the applicable 
agreement for further details.



+-------------------------------------------------------------------------------+
; Flow Summary                                                                  ;
+---------------------------------+---------------------------------------------+
; Flow Status                     ; Successful - Sun Jun 15 01:46:22 2025       ;
; Quartus Prime Version           ; 16.1.2 Build 203 01/18/2017 SJ Lite Edition ;
; Revision Name                   ; rc4                                         ;
; Top-level Entity Name           ; ksa                                         ;
; Family                          ; Cyclone V                                   ;
; Device                          ; 5CSEMA5F31C6                                ;
; Timing Models                   ; Final                                       ;
; Logic utilization (in ALMs)     ; 1,836 / 32,070 ( 6 % )                      ;
; Total registers                 ; 4429                                        ;
; Total pins                      ; 69 / 457 ( 15 % )                           ;
; Total virtual pins              ; 0                                           ;
; Total block memory bits         ; 31,872 / 4,065,280 ( < 1 % )                ;
; Total DSP Blocks                ; 0 / 87 ( 0 % )                              ;
; Total HSSI RX PCSs              ; 0                                           ;
; Total HSSI PMA RX Deserializers ; 0                                           ;
; Total HSSI TX PCSs              ; 0                                           ;
; Total HSSI PMA TX Serializers   ; 0                                           ;
; Total PLLs                      ; 0 / 6 ( 0 % )                               ;
; Total DLLs                      ; 0 / 4 ( 0 % )                               ;
+---------------------------------+---------------------------------------------+


+-----------------------------------------+
; Flow Settings                           ;
+-------------------+---------------------+
; Option            ; Setting             ;
+-------------------+---------------------+
; Start date & time ; 06/15/2025 01:44:12 ;
; Main task         ; Compilation         ;
; Revision Name     ; rc4                 ;
+-------------------+---------------------+


+----------------------------------------------------------------------------------------------------------------------------------------------------------------------------------------------------------------------------------------------------------------------------------------------------------------------------------------------------------------------------------------------------------------------------------------------------------------------------------+
; Flow Non-Default Global Settings                                                                                                                                                                                                                                                                                                                                                                                                                                                 ;
+---------------------------------------------------+---------------------------------------------------------------------------------------------------------------------------------------------------------------------------------------------------------------------------------------------------------------------------------------------------------------------------------------------------------------------------+--------------------+-------------+---------------+
; Assignment Name                                   ; Value                                                                                                                                                                                                                                                                                                                                                                     ; Default Value      ; Entity Name ; Section Id    ;
+---------------------------------------------------+---------------------------------------------------------------------------------------------------------------------------------------------------------------------------------------------------------------------------------------------------------------------------------------------------------------------------------------------------------------------------+--------------------+-------------+---------------+
; AUTO_RAM_RECOGNITION                              ; Off                                                                                                                                                                                                                                                                                                                                                                       ; On                 ; --          ; --            ;
; AUTO_ROM_RECOGNITION                              ; Off                                                                                                                                                                                                                                                                                                                                                                       ; On                 ; --          ; --            ;
; BLOCK_RAM_AND_MLAB_EQUIVALENT_POWER_UP_CONDITIONS ; Care                                                                                                                                                                                                                                                                                                                                                                      ; Auto               ; --          ; --            ;
; COMPILER_SIGNATURE_ID                             ; 18691164460065.174997705222720                                                                                                                                                                                                                                                                                                                                            ; --                 ; --          ; --            ;
; ENABLE_SIGNALTAP                                  ; On                                                                                                                                                                                                                                                                                                                                                                        ; --                 ; --          ; --            ;
; EXTRACT_VERILOG_STATE_MACHINES                    ; Off                                                                                                                                                                                                                                                                                                                                                                       ; On                 ; --          ; --            ;
; EXTRACT_VHDL_STATE_MACHINES                       ; Off                                                                                                                                                                                                                                                                                                                                                                       ; On                 ; --          ; --            ;
; MAX_CORE_JUNCTION_TEMP                            ; 85                                                                                                                                                                                                                                                                                                                                                                        ; --                 ; --          ; --            ;
; MIN_CORE_JUNCTION_TEMP                            ; 0                                                                                                                                                                                                                                                                                                                                                                         ; --                 ; --          ; --            ;
; MISC_FILE                                         ; s_memory.cmp                                                                                                                                                                                                                                                                                                                                                              ; --                 ; --          ; --            ;
; MISC_FILE                                         ; decrypted_ram_bb.v                                                                                                                                                                                                                                                                                                                                                        ; --                 ; --          ; --            ;
; MISC_FILE                                         ; decrypted_ram.cmp                                                                                                                                                                                                                                                                                                                                                         ; --                 ; --          ; --            ;
; MISC_FILE                                         ; message_rom_bb.v                                                                                                                                                                                                                                                                                                                                                          ; --                 ; --          ; --            ;
; MISC_FILE                                         ; message_rom.cmp                                                                                                                                                                                                                                                                                                                                                           ; --                 ; --          ; --            ;
; OPTIMIZE_POWER_DURING_SYNTHESIS                   ; Off                                                                                                                                                                                                                                                                                                                                                                       ; Normal compilation ; --          ; --            ;
; PARTITION_COLOR                                   ; -- (Not supported for targeted family)                                                                                                                                                                                                                                                                                                                                    ; --                 ; ksa         ; Top           ;
; PARTITION_FITTER_PRESERVATION_LEVEL               ; -- (Not supported for targeted family)                                                                                                                                                                                                                                                                                                                                    ; --                 ; ksa         ; Top           ;
; PARTITION_NETLIST_TYPE                            ; -- (Not supported for targeted family)                                                                                                                                                                                                                                                                                                                                    ; --                 ; ksa         ; Top           ;
; PHYSICAL_SYNTHESIS_EFFORT                         ; Fast                                                                                                                                                                                                                                                                                                                                                                      ; Normal             ; --          ; --            ;
; PHYSICAL_SYNTHESIS_REGISTER_RETIMING              ; On                                                                                                                                                                                                                                                                                                                                                                        ; Off                ; --          ; --            ;
; POWER_BOARD_THERMAL_MODEL                         ; None (CONSERVATIVE)                                                                                                                                                                                                                                                                                                                                                       ; --                 ; --          ; --            ;
; POWER_PRESET_COOLING_SOLUTION                     ; 23 MM HEAT SINK WITH 200 LFPM AIRFLOW                                                                                                                                                                                                                                                                                                                                     ; --                 ; --          ; --            ;
; PROJECT_OUTPUT_DIRECTORY                          ; output_files                                                                                                                                                                                                                                                                                                                                                              ; --                 ; --          ; --            ;
; ROUTER_CLOCKING_TOPOLOGY_ANALYSIS                 ; On                                                                                                                                                                                                                                                                                                                                                                        ; Off                ; --          ; --            ;
; SLD_FILE                                          ; db/stp1_auto_stripped.stp                                                                                                                                                                                                                                                                                                                                                 ; --                 ; --          ; --            ;
; SLD_NODE_CREATOR_ID                               ; 110                                                                                                                                                                                                                                                                                                                                                                       ; --                 ; --          ; decrypter     ;
; SLD_NODE_CREATOR_ID                               ; 110                                                                                                                                                                                                                                                                                                                                                                       ; --                 ; --          ; scrambler     ;
; SLD_NODE_CREATOR_ID                               ; 110                                                                                                                                                                                                                                                                                                                                                                       ; --                 ; --          ; controller    ;
; SLD_NODE_CREATOR_ID                               ; 110                                                                                                                                                                                                                                                                                                                                                                       ; --                 ; --          ; key_generator ;
; SLD_NODE_ENTITY_NAME                              ; sld_signaltap                                                                                                                                                                                                                                                                                                                                                             ; --                 ; --          ; decrypter     ;
; SLD_NODE_ENTITY_NAME                              ; sld_signaltap                                                                                                                                                                                                                                                                                                                                                             ; --                 ; --          ; scrambler     ;
; SLD_NODE_ENTITY_NAME                              ; sld_signaltap                                                                                                                                                                                                                                                                                                                                                             ; --                 ; --          ; controller    ;
; SLD_NODE_ENTITY_NAME                              ; sld_signaltap                                                                                                                                                                                                                                                                                                                                                             ; --                 ; --          ; key_generator ;
; SLD_NODE_PARAMETER_ASSIGNMENT                     ; SLD_RAM_BLOCK_TYPE=AUTO                                                                                                                                                                                                                                                                                                                                                   ; --                 ; --          ; decrypter     ;
; SLD_NODE_PARAMETER_ASSIGNMENT                     ; SLD_NODE_INFO=805334529                                                                                                                                                                                                                                                                                                                                                   ; --                 ; --          ; decrypter     ;
; SLD_NODE_PARAMETER_ASSIGNMENT                     ; SLD_POWER_UP_TRIGGER=0                                                                                                                                                                                                                                                                                                                                                    ; --                 ; --          ; decrypter     ;
; SLD_NODE_PARAMETER_ASSIGNMENT                     ; SLD_STORAGE_QUALIFIER_INVERSION_MASK_LENGTH=0                                                                                                                                                                                                                                                                                                                             ; --                 ; --          ; decrypter     ;
; SLD_NODE_PARAMETER_ASSIGNMENT                     ; SLD_SEGMENT_SIZE=128                                                                                                                                                                                                                                                                                                                                                      ; --                 ; --          ; decrypter     ;
; SLD_NODE_PARAMETER_ASSIGNMENT                     ; SLD_ATTRIBUTE_MEM_MODE=OFF                                                                                                                                                                                                                                                                                                                                                ; --                 ; --          ; decrypter     ;
; SLD_NODE_PARAMETER_ASSIGNMENT                     ; SLD_STATE_FLOW_USE_GENERATED=0                                                                                                                                                                                                                                                                                                                                            ; --                 ; --          ; decrypter     ;
; SLD_NODE_PARAMETER_ASSIGNMENT                     ; SLD_STATE_BITS=11                                                                                                                                                                                                                                                                                                                                                         ; --                 ; --          ; decrypter     ;
; SLD_NODE_PARAMETER_ASSIGNMENT                     ; SLD_BUFFER_FULL_STOP=1                                                                                                                                                                                                                                                                                                                                                    ; --                 ; --          ; decrypter     ;
; SLD_NODE_PARAMETER_ASSIGNMENT                     ; SLD_CURRENT_RESOURCE_WIDTH=1                                                                                                                                                                                                                                                                                                                                              ; --                 ; --          ; decrypter     ;
; SLD_NODE_PARAMETER_ASSIGNMENT                     ; SLD_INCREMENTAL_ROUTING=1                                                                                                                                                                                                                                                                                                                                                 ; --                 ; --          ; decrypter     ;
; SLD_NODE_PARAMETER_ASSIGNMENT                     ; SLD_TRIGGER_LEVEL=1                                                                                                                                                                                                                                                                                                                                                       ; --                 ; --          ; decrypter     ;
; SLD_NODE_PARAMETER_ASSIGNMENT                     ; SLD_SAMPLE_DEPTH=128                                                                                                                                                                                                                                                                                                                                                      ; --                 ; --          ; decrypter     ;
; SLD_NODE_PARAMETER_ASSIGNMENT                     ; SLD_TRIGGER_IN_ENABLED=0                                                                                                                                                                                                                                                                                                                                                  ; --                 ; --          ; decrypter     ;
; SLD_NODE_PARAMETER_ASSIGNMENT                     ; SLD_TRIGGER_PIPELINE=0                                                                                                                                                                                                                                                                                                                                                    ; --                 ; --          ; decrypter     ;
; SLD_NODE_PARAMETER_ASSIGNMENT                     ; SLD_RAM_PIPELINE=0                                                                                                                                                                                                                                                                                                                                                        ; --                 ; --          ; decrypter     ;
; SLD_NODE_PARAMETER_ASSIGNMENT                     ; SLD_COUNTER_PIPELINE=0                                                                                                                                                                                                                                                                                                                                                    ; --                 ; --          ; decrypter     ;
; SLD_NODE_PARAMETER_ASSIGNMENT                     ; SLD_ADVANCED_TRIGGER_ENTITY=basic,1,                                                                                                                                                                                                                                                                                                                                      ; --                 ; --          ; decrypter     ;
; SLD_NODE_PARAMETER_ASSIGNMENT                     ; SLD_TRIGGER_LEVEL_PIPELINE=1                                                                                                                                                                                                                                                                                                                                              ; --                 ; --          ; decrypter     ;
; SLD_NODE_PARAMETER_ASSIGNMENT                     ; SLD_ENABLE_ADVANCED_TRIGGER=0                                                                                                                                                                                                                                                                                                                                             ; --                 ; --          ; decrypter     ;
; SLD_NODE_PARAMETER_ASSIGNMENT                     ; SLD_DATA_BITS=107                                                                                                                                                                                                                                                                                                                                                         ; --                 ; --          ; decrypter     ;
; SLD_NODE_PARAMETER_ASSIGNMENT                     ; SLD_TRIGGER_BITS=107                                                                                                                                                                                                                                                                                                                                                      ; --                 ; --          ; decrypter     ;
; SLD_NODE_PARAMETER_ASSIGNMENT                     ; SLD_STORAGE_QUALIFIER_BITS=107                                                                                                                                                                                                                                                                                                                                            ; --                 ; --          ; decrypter     ;
; SLD_NODE_PARAMETER_ASSIGNMENT                     ; SLD_INVERSION_MASK=000000000000000000000000000000000000000000000000000000000000000000000000000000000000000000000000000000000000000000000000000000000000000000000000000000000000000000000000000000000000000000000000000000000000000000000000000000000000000000000000000000000000000000000000000000000000000000000000000000000000000000000000000000000000000000000000000000 ; --                 ; --          ; decrypter     ;
; SLD_NODE_PARAMETER_ASSIGNMENT                     ; SLD_INVERSION_MASK_LENGTH=342                                                                                                                                                                                                                                                                                                                                             ; --                 ; --          ; decrypter     ;
; SLD_NODE_PARAMETER_ASSIGNMENT                     ; SLD_RAM_BLOCK_TYPE=AUTO                                                                                                                                                                                                                                                                                                                                                   ; --                 ; --          ; scrambler     ;
; SLD_NODE_PARAMETER_ASSIGNMENT                     ; SLD_DATA_BITS=85                                                                                                                                                                                                                                                                                                                                                          ; --                 ; --          ; scrambler     ;
; SLD_NODE_PARAMETER_ASSIGNMENT                     ; SLD_TRIGGER_BITS=85                                                                                                                                                                                                                                                                                                                                                       ; --                 ; --          ; scrambler     ;
; SLD_NODE_PARAMETER_ASSIGNMENT                     ; SLD_STORAGE_QUALIFIER_BITS=85                                                                                                                                                                                                                                                                                                                                             ; --                 ; --          ; scrambler     ;
; SLD_NODE_PARAMETER_ASSIGNMENT                     ; SLD_NODE_INFO=805334528                                                                                                                                                                                                                                                                                                                                                   ; --                 ; --          ; scrambler     ;
; SLD_NODE_PARAMETER_ASSIGNMENT                     ; SLD_POWER_UP_TRIGGER=0                                                                                                                                                                                                                                                                                                                                                    ; --                 ; --          ; scrambler     ;
; SLD_NODE_PARAMETER_ASSIGNMENT                     ; SLD_INVERSION_MASK=000000000000000000000000000000000000000000000000000000000000000000000000000000000000000000000000000000000000000000000000000000000000000000000000000000000000000000000000000000000000000000000000000000000000000000000000000000000000000000000000000000000000000000000000000000000000                                                                   ; --                 ; --          ; scrambler     ;
; SLD_NODE_PARAMETER_ASSIGNMENT                     ; SLD_INVERSION_MASK_LENGTH=276                                                                                                                                                                                                                                                                                                                                             ; --                 ; --          ; scrambler     ;
; SLD_NODE_PARAMETER_ASSIGNMENT                     ; SLD_STORAGE_QUALIFIER_INVERSION_MASK_LENGTH=0                                                                                                                                                                                                                                                                                                                             ; --                 ; --          ; scrambler     ;
; SLD_NODE_PARAMETER_ASSIGNMENT                     ; SLD_SEGMENT_SIZE=128                                                                                                                                                                                                                                                                                                                                                      ; --                 ; --          ; scrambler     ;
; SLD_NODE_PARAMETER_ASSIGNMENT                     ; SLD_ATTRIBUTE_MEM_MODE=OFF                                                                                                                                                                                                                                                                                                                                                ; --                 ; --          ; scrambler     ;
; SLD_NODE_PARAMETER_ASSIGNMENT                     ; SLD_STATE_FLOW_USE_GENERATED=0                                                                                                                                                                                                                                                                                                                                            ; --                 ; --          ; scrambler     ;
; SLD_NODE_PARAMETER_ASSIGNMENT                     ; SLD_STATE_BITS=11                                                                                                                                                                                                                                                                                                                                                         ; --                 ; --          ; scrambler     ;
; SLD_NODE_PARAMETER_ASSIGNMENT                     ; SLD_BUFFER_FULL_STOP=1                                                                                                                                                                                                                                                                                                                                                    ; --                 ; --          ; scrambler     ;
; SLD_NODE_PARAMETER_ASSIGNMENT                     ; SLD_CURRENT_RESOURCE_WIDTH=1                                                                                                                                                                                                                                                                                                                                              ; --                 ; --          ; scrambler     ;
; SLD_NODE_PARAMETER_ASSIGNMENT                     ; SLD_INCREMENTAL_ROUTING=1                                                                                                                                                                                                                                                                                                                                                 ; --                 ; --          ; scrambler     ;
; SLD_NODE_PARAMETER_ASSIGNMENT                     ; SLD_TRIGGER_LEVEL=1                                                                                                                                                                                                                                                                                                                                                       ; --                 ; --          ; scrambler     ;
; SLD_NODE_PARAMETER_ASSIGNMENT                     ; SLD_SAMPLE_DEPTH=128                                                                                                                                                                                                                                                                                                                                                      ; --                 ; --          ; scrambler     ;
; SLD_NODE_PARAMETER_ASSIGNMENT                     ; SLD_TRIGGER_IN_ENABLED=0                                                                                                                                                                                                                                                                                                                                                  ; --                 ; --          ; scrambler     ;
; SLD_NODE_PARAMETER_ASSIGNMENT                     ; SLD_TRIGGER_PIPELINE=0                                                                                                                                                                                                                                                                                                                                                    ; --                 ; --          ; scrambler     ;
; SLD_NODE_PARAMETER_ASSIGNMENT                     ; SLD_RAM_PIPELINE=0                                                                                                                                                                                                                                                                                                                                                        ; --                 ; --          ; scrambler     ;
; SLD_NODE_PARAMETER_ASSIGNMENT                     ; SLD_COUNTER_PIPELINE=0                                                                                                                                                                                                                                                                                                                                                    ; --                 ; --          ; scrambler     ;
; SLD_NODE_PARAMETER_ASSIGNMENT                     ; SLD_ADVANCED_TRIGGER_ENTITY=basic,1,                                                                                                                                                                                                                                                                                                                                      ; --                 ; --          ; scrambler     ;
; SLD_NODE_PARAMETER_ASSIGNMENT                     ; SLD_TRIGGER_LEVEL_PIPELINE=1                                                                                                                                                                                                                                                                                                                                              ; --                 ; --          ; scrambler     ;
; SLD_NODE_PARAMETER_ASSIGNMENT                     ; SLD_ENABLE_ADVANCED_TRIGGER=0                                                                                                                                                                                                                                                                                                                                             ; --                 ; --          ; scrambler     ;
; SLD_NODE_PARAMETER_ASSIGNMENT                     ; SLD_RAM_BLOCK_TYPE=AUTO                                                                                                                                                                                                                                                                                                                                                   ; --                 ; --          ; controller    ;
; SLD_NODE_PARAMETER_ASSIGNMENT                     ; SLD_NODE_INFO=805334530                                                                                                                                                                                                                                                                                                                                                   ; --                 ; --          ; controller    ;
; SLD_NODE_PARAMETER_ASSIGNMENT                     ; SLD_POWER_UP_TRIGGER=0                                                                                                                                                                                                                                                                                                                                                    ; --                 ; --          ; controller    ;
; SLD_NODE_PARAMETER_ASSIGNMENT                     ; SLD_STORAGE_QUALIFIER_INVERSION_MASK_LENGTH=0                                                                                                                                                                                                                                                                                                                             ; --                 ; --          ; controller    ;
; SLD_NODE_PARAMETER_ASSIGNMENT                     ; SLD_SEGMENT_SIZE=128                                                                                                                                                                                                                                                                                                                                                      ; --                 ; --          ; controller    ;
; SLD_NODE_PARAMETER_ASSIGNMENT                     ; SLD_ATTRIBUTE_MEM_MODE=OFF                                                                                                                                                                                                                                                                                                                                                ; --                 ; --          ; controller    ;
; SLD_NODE_PARAMETER_ASSIGNMENT                     ; SLD_STATE_FLOW_USE_GENERATED=0                                                                                                                                                                                                                                                                                                                                            ; --                 ; --          ; controller    ;
; SLD_NODE_PARAMETER_ASSIGNMENT                     ; SLD_STATE_BITS=11                                                                                                                                                                                                                                                                                                                                                         ; --                 ; --          ; controller    ;
; SLD_NODE_PARAMETER_ASSIGNMENT                     ; SLD_BUFFER_FULL_STOP=1                                                                                                                                                                                                                                                                                                                                                    ; --                 ; --          ; controller    ;
; SLD_NODE_PARAMETER_ASSIGNMENT                     ; SLD_CURRENT_RESOURCE_WIDTH=1                                                                                                                                                                                                                                                                                                                                              ; --                 ; --          ; controller    ;
; SLD_NODE_PARAMETER_ASSIGNMENT                     ; SLD_INCREMENTAL_ROUTING=1                                                                                                                                                                                                                                                                                                                                                 ; --                 ; --          ; controller    ;
; SLD_NODE_PARAMETER_ASSIGNMENT                     ; SLD_TRIGGER_LEVEL=1                                                                                                                                                                                                                                                                                                                                                       ; --                 ; --          ; controller    ;
; SLD_NODE_PARAMETER_ASSIGNMENT                     ; SLD_SAMPLE_DEPTH=128                                                                                                                                                                                                                                                                                                                                                      ; --                 ; --          ; controller    ;
; SLD_NODE_PARAMETER_ASSIGNMENT                     ; SLD_TRIGGER_IN_ENABLED=0                                                                                                                                                                                                                                                                                                                                                  ; --                 ; --          ; controller    ;
; SLD_NODE_PARAMETER_ASSIGNMENT                     ; SLD_TRIGGER_PIPELINE=0                                                                                                                                                                                                                                                                                                                                                    ; --                 ; --          ; controller    ;
; SLD_NODE_PARAMETER_ASSIGNMENT                     ; SLD_RAM_PIPELINE=0                                                                                                                                                                                                                                                                                                                                                        ; --                 ; --          ; controller    ;
; SLD_NODE_PARAMETER_ASSIGNMENT                     ; SLD_COUNTER_PIPELINE=0                                                                                                                                                                                                                                                                                                                                                    ; --                 ; --          ; controller    ;
; SLD_NODE_PARAMETER_ASSIGNMENT                     ; SLD_ADVANCED_TRIGGER_ENTITY=basic,1,                                                                                                                                                                                                                                                                                                                                      ; --                 ; --          ; controller    ;
; SLD_NODE_PARAMETER_ASSIGNMENT                     ; SLD_TRIGGER_LEVEL_PIPELINE=1                                                                                                                                                                                                                                                                                                                                              ; --                 ; --          ; controller    ;
; SLD_NODE_PARAMETER_ASSIGNMENT                     ; SLD_ENABLE_ADVANCED_TRIGGER=0                                                                                                                                                                                                                                                                                                                                             ; --                 ; --          ; controller    ;
; SLD_NODE_PARAMETER_ASSIGNMENT                     ; SLD_DATA_BITS=10                                                                                                                                                                                                                                                                                                                                                          ; --                 ; --          ; controller    ;
; SLD_NODE_PARAMETER_ASSIGNMENT                     ; SLD_TRIGGER_BITS=10                                                                                                                                                                                                                                                                                                                                                       ; --                 ; --          ; controller    ;
; SLD_NODE_PARAMETER_ASSIGNMENT                     ; SLD_STORAGE_QUALIFIER_BITS=10                                                                                                                                                                                                                                                                                                                                             ; --                 ; --          ; controller    ;
; SLD_NODE_PARAMETER_ASSIGNMENT                     ; SLD_INVERSION_MASK=000000000000000000000000000000000000000000000000000                                                                                                                                                                                                                                                                                                    ; --                 ; --          ; controller    ;
; SLD_NODE_PARAMETER_ASSIGNMENT                     ; SLD_INVERSION_MASK_LENGTH=51                                                                                                                                                                                                                                                                                                                                              ; --                 ; --          ; controller    ;
; SLD_NODE_PARAMETER_ASSIGNMENT                     ; SLD_RAM_BLOCK_TYPE=AUTO                                                                                                                                                                                                                                                                                                                                                   ; --                 ; --          ; key_generator ;
; SLD_NODE_PARAMETER_ASSIGNMENT                     ; SLD_DATA_BITS=27                                                                                                                                                                                                                                                                                                                                                          ; --                 ; --          ; key_generator ;
; SLD_NODE_PARAMETER_ASSIGNMENT                     ; SLD_TRIGGER_BITS=27                                                                                                                                                                                                                                                                                                                                                       ; --                 ; --          ; key_generator ;
; SLD_NODE_PARAMETER_ASSIGNMENT                     ; SLD_STORAGE_QUALIFIER_BITS=27                                                                                                                                                                                                                                                                                                                                             ; --                 ; --          ; key_generator ;
; SLD_NODE_PARAMETER_ASSIGNMENT                     ; SLD_NODE_INFO=805334531                                                                                                                                                                                                                                                                                                                                                   ; --                 ; --          ; key_generator ;
; SLD_NODE_PARAMETER_ASSIGNMENT                     ; SLD_POWER_UP_TRIGGER=0                                                                                                                                                                                                                                                                                                                                                    ; --                 ; --          ; key_generator ;
; SLD_NODE_PARAMETER_ASSIGNMENT                     ; SLD_INVERSION_MASK=000000000000000000000000000000000000000000000000000000000000000000000000000000000000000000000000000000                                                                                                                                                                                                                                                 ; --                 ; --          ; key_generator ;
; SLD_NODE_PARAMETER_ASSIGNMENT                     ; SLD_INVERSION_MASK_LENGTH=102                                                                                                                                                                                                                                                                                                                                             ; --                 ; --          ; key_generator ;
; SLD_NODE_PARAMETER_ASSIGNMENT                     ; SLD_STORAGE_QUALIFIER_INVERSION_MASK_LENGTH=0                                                                                                                                                                                                                                                                                                                             ; --                 ; --          ; key_generator ;
; SLD_NODE_PARAMETER_ASSIGNMENT                     ; SLD_SEGMENT_SIZE=128                                                                                                                                                                                                                                                                                                                                                      ; --                 ; --          ; key_generator ;
; SLD_NODE_PARAMETER_ASSIGNMENT                     ; SLD_ATTRIBUTE_MEM_MODE=OFF                                                                                                                                                                                                                                                                                                                                                ; --                 ; --          ; key_generator ;
; SLD_NODE_PARAMETER_ASSIGNMENT                     ; SLD_STATE_FLOW_USE_GENERATED=0                                                                                                                                                                                                                                                                                                                                            ; --                 ; --          ; key_generator ;
; SLD_NODE_PARAMETER_ASSIGNMENT                     ; SLD_STATE_BITS=11                                                                                                                                                                                                                                                                                                                                                         ; --                 ; --          ; key_generator ;
; SLD_NODE_PARAMETER_ASSIGNMENT                     ; SLD_BUFFER_FULL_STOP=1                                                                                                                                                                                                                                                                                                                                                    ; --                 ; --          ; key_generator ;
; SLD_NODE_PARAMETER_ASSIGNMENT                     ; SLD_CURRENT_RESOURCE_WIDTH=1                                                                                                                                                                                                                                                                                                                                              ; --                 ; --          ; key_generator ;
; SLD_NODE_PARAMETER_ASSIGNMENT                     ; SLD_INCREMENTAL_ROUTING=1                                                                                                                                                                                                                                                                                                                                                 ; --                 ; --          ; key_generator ;
; SLD_NODE_PARAMETER_ASSIGNMENT                     ; SLD_TRIGGER_LEVEL=1                                                                                                                                                                                                                                                                                                                                                       ; --                 ; --          ; key_generator ;
; SLD_NODE_PARAMETER_ASSIGNMENT                     ; SLD_SAMPLE_DEPTH=128                                                                                                                                                                                                                                                                                                                                                      ; --                 ; --          ; key_generator ;
; SLD_NODE_PARAMETER_ASSIGNMENT                     ; SLD_TRIGGER_IN_ENABLED=0                                                                                                                                                                                                                                                                                                                                                  ; --                 ; --          ; key_generator ;
; SLD_NODE_PARAMETER_ASSIGNMENT                     ; SLD_TRIGGER_PIPELINE=0                                                                                                                                                                                                                                                                                                                                                    ; --                 ; --          ; key_generator ;
; SLD_NODE_PARAMETER_ASSIGNMENT                     ; SLD_RAM_PIPELINE=0                                                                                                                                                                                                                                                                                                                                                        ; --                 ; --          ; key_generator ;
; SLD_NODE_PARAMETER_ASSIGNMENT                     ; SLD_COUNTER_PIPELINE=0                                                                                                                                                                                                                                                                                                                                                    ; --                 ; --          ; key_generator ;
; SLD_NODE_PARAMETER_ASSIGNMENT                     ; SLD_ADVANCED_TRIGGER_ENTITY=basic,1,                                                                                                                                                                                                                                                                                                                                      ; --                 ; --          ; key_generator ;
; SLD_NODE_PARAMETER_ASSIGNMENT                     ; SLD_TRIGGER_LEVEL_PIPELINE=1                                                                                                                                                                                                                                                                                                                                              ; --                 ; --          ; key_generator ;
; SLD_NODE_PARAMETER_ASSIGNMENT                     ; SLD_ENABLE_ADVANCED_TRIGGER=0                                                                                                                                                                                                                                                                                                                                             ; --                 ; --          ; key_generator ;
; SYNCHRONIZATION_REGISTER_CHAIN_LENGTH             ; 2                                                                                                                                                                                                                                                                                                                                                                         ; 3                  ; --          ; --            ;
; SYNTHESIS_EFFORT                                  ; Fast                                                                                                                                                                                                                                                                                                                                                                      ; Auto               ; --          ; --            ;
; TOP_LEVEL_ENTITY                                  ; ksa                                                                                                                                                                                                                                                                                                                                                                       ; rc4                ; --          ; --            ;
; USE_SIGNALTAP_FILE                                ; stp1.stp                                                                                                                                                                                                                                                                                                                                                                  ; --                 ; --          ; --            ;
; VERILOG_INPUT_VERSION                             ; SystemVerilog_2005                                                                                                                                                                                                                                                                                                                                                        ; Verilog_2001       ; --          ; --            ;
; VERILOG_NON_CONSTANT_LOOP_LIMIT                   ; 5000                                                                                                                                                                                                                                                                                                                                                                      ; 250                ; --          ; --            ;
; VERILOG_SHOW_LMF_MAPPING_MESSAGES                 ; Off                                                                                                                                                                                                                                                                                                                                                                       ; --                 ; --          ; --            ;
+---------------------------------------------------+---------------------------------------------------------------------------------------------------------------------------------------------------------------------------------------------------------------------------------------------------------------------------------------------------------------------------------------------------------------------------+--------------------+-------------+---------------+


+-------------------------------------------------------------------------------------------------------------------------------+
; Flow Elapsed Time                                                                                                             ;
+---------------------------+--------------+-------------------------+---------------------+------------------------------------+
; Module Name               ; Elapsed Time ; Average Processors Used ; Peak Virtual Memory ; Total CPU Time (on all processors) ;
+---------------------------+--------------+-------------------------+---------------------+------------------------------------+
; Analysis & Synthesis      ; 00:00:15     ; 1.0                     ; 4964 MB             ; 00:00:25                           ;
; Fitter                    ; 00:01:47     ; 1.2                     ; 7961 MB             ; 00:10:57                           ;
; Assembler                 ; 00:00:04     ; 1.0                     ; 4877 MB             ; 00:00:04                           ;
; TimeQuest Timing Analyzer ; 00:00:29     ; 1.3                     ; 5399 MB             ; 00:00:36                           ;
; Total                     ; 00:02:35     ; --                      ; --                  ; 00:12:02                           ;
+---------------------------+--------------+-------------------------+---------------------+------------------------------------+


+-----------------------------------------------------------------------------------------+
; Flow OS Summary                                                                         ;
+---------------------------+------------------+------------+------------+----------------+
; Module Name               ; Machine Hostname ; OS Name    ; OS Version ; Processor type ;
+---------------------------+------------------+------------+------------+----------------+
; Analysis & Synthesis      ; DESKTOP-TVCEDPI  ; Windows 10 ; 10.0       ; x86_64         ;
; Fitter                    ; DESKTOP-TVCEDPI  ; Windows 10 ; 10.0       ; x86_64         ;
; Assembler                 ; DESKTOP-TVCEDPI  ; Windows 10 ; 10.0       ; x86_64         ;
; TimeQuest Timing Analyzer ; DESKTOP-TVCEDPI  ; Windows 10 ; 10.0       ; x86_64         ;
+---------------------------+------------------+------------+------------+----------------+


------------
; Flow Log ;
------------
quartus_map --read_settings_files=on --write_settings_files=off rc4 -c rc4
quartus_fit --read_settings_files=off --write_settings_files=off rc4 -c rc4
quartus_asm --read_settings_files=off --write_settings_files=off rc4 -c rc4
quartus_sta rc4 -c rc4



